This file contains any messages produced by compilers while
running configure, to aid debugging if configure makes a mistake.

It was created by Reversi configure 0.5, which was
generated by GNU Autoconf 2.69.  Invocation command line was

  $ ./configure --prefix=/Users/Tomoaki/Develop.localized/reversi/work

## --------- ##
## Platform. ##
## --------- ##

hostname = tomoaki-no-MacBook-Pro.local
uname -m = x86_64
uname -r = 12.2.0
uname -s = Darwin
uname -v = Darwin Kernel Version 12.2.0: Sat Aug 25 00:48:52 PDT 2012; root:xnu-2050.18.24~1/RELEASE_X86_64

/usr/bin/uname -p = i386
/bin/uname -X     = unknown

/bin/arch              = unknown
/usr/bin/arch -k       = unknown
/usr/convex/getsysinfo = unknown
/usr/bin/hostinfo      = Mach kernel version:
	 Darwin Kernel Version 12.2.0: Sat Aug 25 00:48:52 PDT 2012; root:xnu-2050.18.24~1/RELEASE_X86_64
Kernel configured for up to 4 processors.
2 processors are physically available.
4 processors are logically available.
Processor type: i486 (Intel 80486)
Processors active: 0 1 2 3
Primary memory available: 8.00 gigabytes
Default processor set: 144 tasks, 779 threads, 4 processors
Load average: 0.74, Mach factor: 3.25
/bin/machine           = unknown
/usr/bin/oslevel       = unknown
/bin/universe          = unknown

PATH: /Users/Tomoaki/Develop.localized/bin
PATH: /usr/local/bin
PATH: /usr/local/sbin
PATH: /usr/bin
PATH: /bin
PATH: /usr/sbin
PATH: /sbin
PATH: /usr/local/bin


## ----------- ##
## Core tests. ##
## ----------- ##

configure:2068: checking for a BSD-compatible install
configure:2136: result: /usr/bin/install -c
configure:2147: checking whether build environment is sane
configure:2202: result: yes
configure:2353: checking for a thread-safe mkdir -p
configure:2392: result: ./install-sh -c -d
configure:2399: checking for gawk
configure:2429: result: no
configure:2399: checking for mawk
configure:2429: result: no
configure:2399: checking for nawk
configure:2429: result: no
configure:2399: checking for awk
configure:2415: found /usr/bin/awk
configure:2426: result: awk
configure:2437: checking whether make sets $(MAKE)
configure:2459: result: yes
configure:2599: checking for gcc
configure:2615: found /usr/bin/gcc
configure:2626: result: gcc
configure:2855: checking for C compiler version
configure:2864: gcc --version >&5
i686-apple-darwin11-llvm-gcc-4.2 (GCC) 4.2.1 (Based on Apple Inc. build 5658) (LLVM build 2336.11.00)
Copyright (C) 2007 Free Software Foundation, Inc.
This is free software; see the source for copying conditions.  There is NO
warranty; not even for MERCHANTABILITY or FITNESS FOR A PARTICULAR PURPOSE.

configure:2875: $? = 0
configure:2864: gcc -v >&5
Using built-in specs.
Target: i686-apple-darwin11
Configured with: /private/var/tmp/llvmgcc42/llvmgcc42-2336.11~28/src/configure --disable-checking --enable-werror --prefix=/Applications/Xcode.app/Contents/Developer/usr/llvm-gcc-4.2 --mandir=/share/man --enable-languages=c,objc,c++,obj-c++ --program-prefix=llvm- --program-transform-name=/^[cg][^.-]*$/s/$/-4.2/ --with-slibdir=/usr/lib --build=i686-apple-darwin11 --enable-llvm=/private/var/tmp/llvmgcc42/llvmgcc42-2336.11~28/dst-llvmCore/Developer/usr/local --program-prefix=i686-apple-darwin11- --host=x86_64-apple-darwin11 --target=i686-apple-darwin11 --with-gxx-include-dir=/usr/include/c++/4.2.1
Thread model: posix
gcc version 4.2.1 (Based on Apple Inc. build 5658) (LLVM build 2336.11.00)
configure:2875: $? = 0
configure:2864: gcc -V >&5
llvm-gcc-4.2: argument to `-V' is missing
configure:2875: $? = 1
configure:2864: gcc -qversion >&5
i686-apple-darwin11-llvm-gcc-4.2: no input files
configure:2875: $? = 1
configure:2895: checking whether the C compiler works
configure:2917: gcc    conftest.c  >&5
configure:2921: $? = 0
configure:2969: result: yes
configure:2972: checking for C compiler default output file name
configure:2974: result: a.out
configure:2980: checking for suffix of executables
configure:2987: gcc -o conftest    conftest.c  >&5
configure:2991: $? = 0
configure:3013: result: 
configure:3035: checking whether we are cross compiling
configure:3043: gcc -o conftest    conftest.c  >&5
configure:3047: $? = 0
configure:3054: ./conftest
configure:3058: $? = 0
configure:3073: result: no
configure:3078: checking for suffix of object files
configure:3100: gcc -c   conftest.c >&5
configure:3104: $? = 0
configure:3125: result: o
configure:3129: checking whether we are using the GNU C compiler
configure:3148: gcc -c   conftest.c >&5
configure:3148: $? = 0
configure:3157: result: yes
configure:3166: checking whether gcc accepts -g
configure:3186: gcc -c -g  conftest.c >&5
configure:3186: $? = 0
configure:3227: result: yes
configure:3244: checking for gcc option to accept ISO C89
configure:3307: gcc  -c -g -O2  conftest.c >&5
configure:3307: $? = 0
configure:3320: result: none needed
configure:3351: checking for style of include used by make
configure:3379: result: GNU
configure:3405: checking dependency style of gcc
configure:3516: result: gcc3
configure:3541: checking how to run the C preprocessor
configure:3572: gcc -E  conftest.c
configure:3572: $? = 0
configure:3586: gcc -E  conftest.c
conftest.c:11:28: error: ac_nonexistent.h: No such file or directory
configure:3586: $? = 1
configure: failed program was:
| /* confdefs.h */
| #define PACKAGE_NAME "Reversi"
| #define PACKAGE_TARNAME "reversi"
| #define PACKAGE_VERSION "0.5"
| #define PACKAGE_STRING "Reversi 0.5"
| #define PACKAGE_BUGREPORT "bug@bamboo-copter.com"
| #define PACKAGE_URL ""
| #define PACKAGE "Reversi"
| #define VERSION "0.5"
| /* end confdefs.h.  */
| #include <ac_nonexistent.h>
configure:3611: result: gcc -E
configure:3631: gcc -E  conftest.c
configure:3631: $? = 0
configure:3645: gcc -E  conftest.c
conftest.c:11:28: error: ac_nonexistent.h: No such file or directory
configure:3645: $? = 1
configure: failed program was:
| /* confdefs.h */
| #define PACKAGE_NAME "Reversi"
| #define PACKAGE_TARNAME "reversi"
| #define PACKAGE_VERSION "0.5"
| #define PACKAGE_STRING "Reversi 0.5"
| #define PACKAGE_BUGREPORT "bug@bamboo-copter.com"
| #define PACKAGE_URL ""
| #define PACKAGE "Reversi"
| #define VERSION "0.5"
| /* end confdefs.h.  */
| #include <ac_nonexistent.h>
configure:3674: checking for grep that handles long lines and -e
configure:3732: result: /usr/bin/grep
configure:3737: checking for egrep
configure:3799: result: /usr/bin/grep -E
configure:3804: checking for ANSI C header files
configure:3824: gcc -c -g -O2  conftest.c >&5
configure:3824: $? = 0
configure:3897: gcc -o conftest -g -O2   conftest.c  >&5
configure:3897: $? = 0
configure:3897: ./conftest
configure:3897: $? = 0
configure:3908: result: yes
configure:3921: checking for sys/types.h
configure:3921: gcc -c -g -O2  conftest.c >&5
configure:3921: $? = 0
configure:3921: result: yes
configure:3921: checking for sys/stat.h
configure:3921: gcc -c -g -O2  conftest.c >&5
configure:3921: $? = 0
configure:3921: result: yes
configure:3921: checking for stdlib.h
configure:3921: gcc -c -g -O2  conftest.c >&5
configure:3921: $? = 0
configure:3921: result: yes
configure:3921: checking for string.h
configure:3921: gcc -c -g -O2  conftest.c >&5
configure:3921: $? = 0
configure:3921: result: yes
configure:3921: checking for memory.h
configure:3921: gcc -c -g -O2  conftest.c >&5
configure:3921: $? = 0
configure:3921: result: yes
configure:3921: checking for strings.h
configure:3921: gcc -c -g -O2  conftest.c >&5
configure:3921: $? = 0
configure:3921: result: yes
configure:3921: checking for inttypes.h
configure:3921: gcc -c -g -O2  conftest.c >&5
configure:3921: $? = 0
configure:3921: result: yes
configure:3921: checking for stdint.h
configure:3921: gcc -c -g -O2  conftest.c >&5
configure:3921: $? = 0
configure:3921: result: yes
configure:3921: checking for unistd.h
configure:3921: gcc -c -g -O2  conftest.c >&5
configure:3921: $? = 0
configure:3921: result: yes
configure:3936: checking for stdlib.h
configure:3936: result: yes
configure:3936: checking for unistd.h
configure:3936: result: yes
configure:4062: checking that generated files are newer than configure
configure:4068: result: done
configure:4091: creating ./config.status

## ---------------------- ##
## Running config.status. ##
## ---------------------- ##

This file was extended by Reversi config.status 0.5, which was
generated by GNU Autoconf 2.69.  Invocation command line was

  CONFIG_FILES    = 
  CONFIG_HEADERS  = 
  CONFIG_LINKS    = 
  CONFIG_COMMANDS = 
  $ ./config.status 

on tomoaki-no-MacBook-Pro.local

config.status:851: creating Makefile
config.status:851: creating src/Makefile
config.status:851: creating config.h
config.status:1032: config.h is unchanged
config.status:1080: executing depfiles commands

## ---------------- ##
## Cache variables. ##
## ---------------- ##

ac_cv_c_compiler_gnu=yes
ac_cv_env_CC_set=
ac_cv_env_CC_value=
ac_cv_env_CFLAGS_set=
ac_cv_env_CFLAGS_value=
ac_cv_env_CPPFLAGS_set=
ac_cv_env_CPPFLAGS_value=
ac_cv_env_CPP_set=
ac_cv_env_CPP_value=
ac_cv_env_LDFLAGS_set=
ac_cv_env_LDFLAGS_value=
ac_cv_env_LIBS_set=
ac_cv_env_LIBS_value=
ac_cv_env_build_alias_set=
ac_cv_env_build_alias_value=
ac_cv_env_host_alias_set=
ac_cv_env_host_alias_value=
ac_cv_env_target_alias_set=
ac_cv_env_target_alias_value=
ac_cv_header_inttypes_h=yes
ac_cv_header_memory_h=yes
ac_cv_header_stdc=yes
ac_cv_header_stdint_h=yes
ac_cv_header_stdlib_h=yes
ac_cv_header_string_h=yes
ac_cv_header_strings_h=yes
ac_cv_header_sys_stat_h=yes
ac_cv_header_sys_types_h=yes
ac_cv_header_unistd_h=yes
ac_cv_objext=o
ac_cv_path_EGREP='/usr/bin/grep -E'
ac_cv_path_GREP=/usr/bin/grep
ac_cv_path_install='/usr/bin/install -c'
ac_cv_prog_AWK=awk
ac_cv_prog_CPP='gcc -E'
ac_cv_prog_ac_ct_CC=gcc
ac_cv_prog_cc_c89=
ac_cv_prog_cc_g=yes
ac_cv_prog_make_make_set=yes
am_cv_CC_dependencies_compiler_type=gcc3

## ----------------- ##
## Output variables. ##
## ----------------- ##

ACLOCAL='${SHELL} /Users/Tomoaki/Develop.localized/reversi/missing --run aclocal-1.12'
AMDEPBACKSLASH='\'
AMDEP_FALSE='#'
AMDEP_TRUE=''
AMTAR='$${TAR-tar}'
AUTOCONF='${SHELL} /Users/Tomoaki/Develop.localized/reversi/missing --run autoconf'
AUTOHEADER='${SHELL} /Users/Tomoaki/Develop.localized/reversi/missing --run autoheader'
AUTOMAKE='${SHELL} /Users/Tomoaki/Develop.localized/reversi/missing --run automake-1.12'
AWK='awk'
CC='gcc'
CCDEPMODE='depmode=gcc3'
CFLAGS='-g -O2'
CPP='gcc -E'
CPPFLAGS=''
CYGPATH_W='echo'
DEFS='-DHAVE_CONFIG_H'
DEPDIR='.deps'
ECHO_C='\c'
ECHO_N=''
ECHO_T=''
EGREP='/usr/bin/grep -E'
EXEEXT=''
GREP='/usr/bin/grep'
INSTALL_DATA='${INSTALL} -m 644'
INSTALL_PROGRAM='${INSTALL}'
INSTALL_SCRIPT='${INSTALL}'
INSTALL_STRIP_PROGRAM='$(install_sh) -c -s'
LDFLAGS=''
LIBOBJS=''
LIBS=''
LTLIBOBJS=''
MAKEINFO='${SHELL} /Users/Tomoaki/Develop.localized/reversi/missing --run makeinfo'
MKDIR_P='./install-sh -c -d'
OBJEXT='o'
PACKAGE='Reversi'
PACKAGE_BUGREPORT='bug@bamboo-copter.com'
PACKAGE_NAME='Reversi'
PACKAGE_STRING='Reversi 0.5'
PACKAGE_TARNAME='reversi'
PACKAGE_URL=''
PACKAGE_VERSION='0.5'
PATH_SEPARATOR=':'
SET_MAKE=''
SHELL='/bin/sh'
STRIP=''
VERSION='0.5'
ac_ct_CC='gcc'
am__EXEEXT_FALSE=''
am__EXEEXT_TRUE='#'
am__fastdepCC_FALSE='#'
am__fastdepCC_TRUE=''
am__include='include'
am__isrc=''
am__leading_dot='.'
am__nodep='_no'
am__quote=''
am__tar='$${TAR-tar} chof - "$$tardir"'
am__untar='$${TAR-tar} xf -'
bindir='${exec_prefix}/bin'
build_alias=''
datadir='${datarootdir}'
datarootdir='${prefix}/share'
docdir='${datarootdir}/doc/${PACKAGE_TARNAME}'
dvidir='${docdir}'
exec_prefix='${prefix}'
host_alias=''
htmldir='${docdir}'
includedir='${prefix}/include'
infodir='${datarootdir}/info'
install_sh='${SHELL} /Users/Tomoaki/Develop.localized/reversi/install-sh'
libdir='${exec_prefix}/lib'
libexecdir='${exec_prefix}/libexec'
localedir='${datarootdir}/locale'
localstatedir='${prefix}/var'
mandir='${datarootdir}/man'
mkdir_p='$(MKDIR_P)'
oldincludedir='/usr/include'
pdfdir='${docdir}'
prefix='/Users/Tomoaki/Develop.localized/reversi/work'
program_transform_name='s,x,x,'
psdir='${docdir}'
sbindir='${exec_prefix}/sbin'
sharedstatedir='${prefix}/com'
sysconfdir='${prefix}/etc'
target_alias=''

## ----------- ##
## confdefs.h. ##
## ----------- ##

/* confdefs.h */
#define PACKAGE_NAME "Reversi"
#define PACKAGE_TARNAME "reversi"
#define PACKAGE_VERSION "0.5"
#define PACKAGE_STRING "Reversi 0.5"
#define PACKAGE_BUGREPORT "bug@bamboo-copter.com"
#define PACKAGE_URL ""
#define PACKAGE "Reversi"
#define VERSION "0.5"
#define STDC_HEADERS 1
#define HAVE_SYS_TYPES_H 1
#define HAVE_SYS_STAT_H 1
#define HAVE_STDLIB_H 1
#define HAVE_STRING_H 1
#define HAVE_MEMORY_H 1
#define HAVE_STRINGS_H 1
#define HAVE_INTTYPES_H 1
#define HAVE_STDINT_H 1
#define HAVE_UNISTD_H 1
#define HAVE_STDLIB_H 1
#define HAVE_UNISTD_H 1

configure: exit 0
